Info: Generated by version: 21.1 build 169
Info: Starting: Create block symbol file (.bsf)
Info: qsys-generate C:\Users\L\Desktop\Reasearch_Lab\Dr_Ye_pt_2\datao_lily_PAM4\testcyclone10GX1280M\src\genclktree.ip --block-symbol-file --output-directory=C:\Users\L\Desktop\Reasearch_Lab\Dr_Ye_pt_2\datao_lily_PAM4\testcyclone10GX1280M\src\genclktree --family="Cyclone 10 GX" --part=10CX220YF780E5G
Info: genclktree.iopll_0: Able to implement PLL with user settings
Info: qsys-generate succeeded.
Info: Finished: Create block symbol file (.bsf)
Info: 
Info: Starting: Create HDL design files for synthesis
Info: qsys-generate C:\Users\L\Desktop\Reasearch_Lab\Dr_Ye_pt_2\datao_lily_PAM4\testcyclone10GX1280M\src\genclktree.ip --synthesis=VERILOG --output-directory=C:\Users\L\Desktop\Reasearch_Lab\Dr_Ye_pt_2\datao_lily_PAM4\testcyclone10GX1280M\src\genclktree --family="Cyclone 10 GX" --part=10CX220YF780E5G
Info: genclktree.iopll_0: Able to implement PLL with user settings
Info: genclktree: "Transforming system: genclktree"
Info: genclktree: "Naming system components in system: genclktree"
Info: genclktree: "Processing generation queue"
Info: genclktree: "Generating: genclktree"
Info: genclktree: "Generating: genclktree_altera_iopll_1931_jay5pui"
Info: genclktree: Done "genclktree" with 2 modules, 2 files
Info: qsys-generate succeeded.
Info: Finished: Create HDL design files for synthesis
Info: Starting: Generate IP Core Documentation
Info: No documentation filesets were found for components in genclktree. No files generated.
Info: Finished: Generate IP Core Documentation
